2026-02-27 08:34:38,855 INFO RPC interface 'supervisor' initialized
2026-02-27 08:34:38,855 INFO supervisord started with pid 1
2026-02-27 08:34:39,857 INFO spawned: 'backend' with pid 768
2026-02-27 08:34:39,859 INFO spawned: 'ipython' with pid 769
2026-02-27 08:34:39,861 INFO spawned: 'nginx' with pid 770
2026-02-27 08:34:44,949 INFO success: ipython entered RUNNING state, process has stayed up for > than 5 seconds (startsecs)
2026-02-27 08:34:44,949 INFO success: nginx entered RUNNING state, process has stayed up for > than 5 seconds (startsecs)
2026-02-27 08:34:50,825 INFO success: backend entered RUNNING state, process has stayed up for > than 10 seconds (startsecs)
2026-02-27 09:00:22,305 WARN received SIGTERM indicating exit request
2026-02-27 09:00:22,305 INFO waiting for backend, ipython, nginx to die
2026-02-27 09:00:22,325 INFO stopped: nginx (exit status 0)
2026-02-27 09:00:22,696 INFO stopped: ipython (exit status 0)
2026-02-27 09:00:24,076 WARN stopped: backend (exit status 143)
2026-03-06 08:19:16,768 INFO RPC interface 'supervisor' initialized
2026-03-06 08:19:16,768 INFO supervisord started with pid 1
2026-03-06 08:19:17,771 INFO spawned: 'backend' with pid 49
2026-03-06 08:19:17,772 INFO spawned: 'ipython' with pid 50
2026-03-06 08:19:17,774 INFO spawned: 'nginx' with pid 51
2026-03-06 08:19:22,780 INFO success: ipython entered RUNNING state, process has stayed up for > than 5 seconds (startsecs)
2026-03-06 08:19:22,780 INFO success: nginx entered RUNNING state, process has stayed up for > than 5 seconds (startsecs)
2026-03-06 08:19:27,958 INFO success: backend entered RUNNING state, process has stayed up for > than 10 seconds (startsecs)
2026-03-13 08:10:47,278 INFO RPC interface 'supervisor' initialized
2026-03-13 08:10:47,279 INFO supervisord started with pid 1
2026-03-13 08:10:48,281 INFO spawned: 'backend' with pid 49
2026-03-13 08:10:48,282 INFO spawned: 'ipython' with pid 50
2026-03-13 08:10:48,283 INFO spawned: 'nginx' with pid 51
2026-03-13 08:10:53,438 INFO success: ipython entered RUNNING state, process has stayed up for > than 5 seconds (startsecs)
2026-03-13 08:10:53,438 INFO success: nginx entered RUNNING state, process has stayed up for > than 5 seconds (startsecs)
2026-03-13 08:10:58,809 INFO success: backend entered RUNNING state, process has stayed up for > than 10 seconds (startsecs)
